DeePMD-kit WARNING: Environmental variable TF_INTRA_OP_PARALLELISM_THREADS is not set. Tune TF_INTRA_OP_PARALLELISM_THREADS for the best performance. See https://deepmd.rtfd.io/parallelism/ for more information.
DeePMD-kit WARNING: Environmental variable TF_INTER_OP_PARALLELISM_THREADS is not set. Tune TF_INTER_OP_PARALLELISM_THREADS for the best performance. See https://deepmd.rtfd.io/parallelism/ for more information.
DeePMD-kit WARNING: Environmental variable OMP_NUM_THREADS is not set. Tune OMP_NUM_THREADS for the best performance. See https://deepmd.rtfd.io/parallelism/ for more information.
DeePMD-kit WARNING: Environmental variable TF_INTRA_OP_PARALLELISM_THREADS is not set. Tune TF_INTRA_OP_PARALLELISM_THREADS for the best performance. See https://deepmd.rtfd.io/parallelism/ for more information.
DeePMD-kit WARNING: Environmental variable TF_INTER_OP_PARALLELISM_THREADS is not set. Tune TF_INTER_OP_PARALLELISM_THREADS for the best performance. See https://deepmd.rtfd.io/parallelism/ for more information.
DeePMD-kit WARNING: Environmental variable OMP_NUM_THREADS is not set. Tune OMP_NUM_THREADS for the best performance. See https://deepmd.rtfd.io/parallelism/ for more information.
DeePMD-kit: Successfully load libcudart.so.11.0
2024-12-05 16:57:16.331458: I tensorflow/core/platform/INVALID_ARGUMENT: Tensor spin_attr/ntypes_spin:0, specified in either feed_devices or fetch_devices was not found in the Graph
  >>> Info of model(s):
  using   1 model(s): frozen_model.pb 
  rcut in model:      8
  ntypes in model:    2

CITE-CITE-CITE-CITE-CITE-CITE-CITE-CITE-CITE-CITE-CITE-CITE-CITE

Your simulation uses code contributions which should be cited:
- USER-DEEPMD package:
The log file lists these citations in BibTeX format.

CITE-CITE-CITE-CITE-CITE-CITE-CITE-CITE-CITE-CITE-CITE-CITE-CITE

Generated 0 of 1 mixed pair_coeff terms from geometric mixing rule
Neighbor list info ...
  update: every = 1 steps, delay = 0 steps, check = no
  max neighbors/atom: 2000, page size: 100000
  master list distance cutoff = 10
  ghost atom cutoff = 10
  binsize = 5, bins = 1 2 17
  1 neighbor lists, perpetual/occasional/extra = 1 0 0
  (1) pair deepmd, perpetual
      attributes: full, newton on
      pair build: full/bin/atomonly
      stencil: full/bin/3d
      bin: standard
Setting up cg style minimization ...
  Unit style    : metal
  Current step  : 0
Per MPI rank memory allocation (min/avg/max) = 3.786 | 3.786 | 3.786 Mbytes
   Step         PotEng          Pxx            Pyy            Pzz            Pxy            Pxz            Pyz             Lx             Ly             Lz           Volume         c_mype    
         0  -136.37554     -200721.14     -200762.98     -197523.43      15.211364     -341.39553      1786.6935      3.0923565      5.3561186      83.222057      1378.4093     -136.37554    
       100  -158.98736     -189473.71     -189185.28     -10624.443      94.961021     -549.6          2369.169       3.0923565      5.3561186      83.222057      1378.4093     -158.98736    
       200  -159.15671     -186382.31     -185986.97     -50.676627      86.711634     -597.12965      2637.8561      3.0923565      5.3561186      83.222057      1378.4093     -159.15671    
       300  -159.15674     -186366.05     -185968.96     -0.00025233748  86.479146     -597.93034      2642.7146      3.0923565      5.3561186      83.222057      1378.4093     -159.15674    
       355  -159.15674     -186366.05     -185968.96     -1.2910368e-06  86.479145     -597.93034      2642.7146      3.0923565      5.3561186      83.222057      1378.4093     -159.15674    
Loop time of 2.2208 on 1 procs for 355 steps with 60 atoms

107.6% CPU use with 1 MPI tasks x 1 OpenMP threads

Minimization stats:
  Stopping criterion = force tolerance
  Energy initial, next-to-last, final = 
      -136.37554212558  -159.156743225431  -159.156743225431
  Force two-norm initial, final = 2.924866 8.5094429e-11
  Force max component initial, final = 1.0801848 3.2430798e-11
  Final line search alpha, max atom move = 1 3.2430798e-11
  Iterations, force evaluations = 355 673

MPI task timing breakdown:
Section |  min time  |  avg time  |  max time  |%varavg| %total
---------------------------------------------------------------
Pair    | 2.0735     | 2.0735     | 2.0735     |   0.0 | 93.37
Neigh   | 0.12109    | 0.12109    | 0.12109    |   0.0 |  5.45
Comm    | 0.022473   | 0.022473   | 0.022473   |   0.0 |  1.01
Output  | 0.00046804 | 0.00046804 | 0.00046804 |   0.0 |  0.02
Modify  | 0.00025485 | 0.00025485 | 0.00025485 |   0.0 |  0.01
Other   |            | 0.003034   |            |       |  0.14

Nlocal:             60 ave          60 max          60 min
Histogram: 1 0 0 0 0 0 0 0 0 0
Nghost:           2407 ave        2407 max        2407 min
Histogram: 1 0 0 0 0 0 0 0 0 0
Neighs:              0 ave           0 max           0 min
Histogram: 1 0 0 0 0 0 0 0 0 0
FullNghs:        11264 ave       11264 max       11264 min
Histogram: 1 0 0 0 0 0 0 0 0 0

Total # of neighbors = 11264
Ave neighs/atom = 187.73333
Neighbor list builds = 674
Dangerous builds not checked
All done
Total number of atoms = 60
Final energy per atoms = -2.65261238709052
Final volume per atoms = 22.973487974579
Final Base area = 16.5630282094287
Final Stress (xx yy zz xy xz yz) = -186366.049339193 -185968.963283382 -1.29103676391946e-06 86.4791453837688 -597.930337221765 2642.71456384312
Total wall time: 0:00:04
