DeePMD-kit WARNING: Environmental variable TF_INTRA_OP_PARALLELISM_THREADS is not set. Tune TF_INTRA_OP_PARALLELISM_THREADS for the best performance. See https://deepmd.rtfd.io/parallelism/ for more information.
DeePMD-kit WARNING: Environmental variable TF_INTER_OP_PARALLELISM_THREADS is not set. Tune TF_INTER_OP_PARALLELISM_THREADS for the best performance. See https://deepmd.rtfd.io/parallelism/ for more information.
DeePMD-kit WARNING: Environmental variable OMP_NUM_THREADS is not set. Tune OMP_NUM_THREADS for the best performance. See https://deepmd.rtfd.io/parallelism/ for more information.
DeePMD-kit WARNING: Environmental variable TF_INTRA_OP_PARALLELISM_THREADS is not set. Tune TF_INTRA_OP_PARALLELISM_THREADS for the best performance. See https://deepmd.rtfd.io/parallelism/ for more information.
DeePMD-kit WARNING: Environmental variable TF_INTER_OP_PARALLELISM_THREADS is not set. Tune TF_INTER_OP_PARALLELISM_THREADS for the best performance. See https://deepmd.rtfd.io/parallelism/ for more information.
DeePMD-kit WARNING: Environmental variable OMP_NUM_THREADS is not set. Tune OMP_NUM_THREADS for the best performance. See https://deepmd.rtfd.io/parallelism/ for more information.
DeePMD-kit: Successfully load libcudart.so.11.0
2024-12-05 16:57:01.548932: I tensorflow/core/platform/cpu_feature_guard.cc:193] This TensorFlow binary is optimized with oneAPI Deep Neural Network Library (oneDNN) to INVALID_ARGUMENT: Tensor spin_attr/ntypes_spin:0, specified in either feed_devices or fetch_devices was not found in the Graph
  >>> Info of model(s):
  using   1 model(s): frozen_model.pb 
  rcut in model:      8
  ntypes in model:    2

CITE-CITE-CITE-CITE-CITE-CITE-CITE-CITE-CITE-CITE-CITE-CITE-CITE

Your simulation uses code contributions which should be cited:
- USER-DEEPMD package:
The log file lists these citations in BibTeX format.

CITE-CITE-CITE-CITE-CITE-CITE-CITE-CITE-CITE-CITE-CITE-CITE-CITE

Generated 0 of 1 mixed pair_coeff terms from geometric mixing rule
Neighbor list info ...
  update: every = 1 steps, delay = 0 steps, check = no
  max neighbors/atom: 2000, page size: 100000
  master list distance cutoff = 10
  ghost atom cutoff = 10
  binsize = 5, bins = 2 1 7
  1 neighbor lists, perpetual/occasional/extra = 1 0 0
  (1) pair deepmd, perpetual
      attributes: full, newton on
      pair build: full/bin/atomonly
      stencil: full/bin/3d
      bin: standard
Setting up cg style minimization ...
  Unit style    : metal
  Current step  : 0
Per MPI rank memory allocation (min/avg/max) = 3.733 | 3.733 | 3.733 Mbytes
   Step         PotEng          Pxx            Pyy            Pzz            Pxy            Pxz            Pyz             Lx             Ly             Lz           Volume         c_mype    
         0  -61.602292      376.73719      172.80879      700.1876      -5070.9406      8876.2998     -289.23846      4.3732525      3.7873478      30.194175      500.10698     -61.602292    
        44  -61.615714      461.47091      204.27963      809.68954     -2498.1462      4587.8289     -359.23614      4.3732525      3.7873478      30.194175      500.10698     -61.615714    
Loop time of 0.195641 on 1 procs for 44 steps with 15 atoms

110.6% CPU use with 1 MPI tasks x 1 OpenMP threads

Minimization stats:
  Stopping criterion = force tolerance
  Energy initial, next-to-last, final = 
     -61.6022920966299  -61.6157135664337  -61.6157135664337
  Force two-norm initial, final = 0.29813173 9.1200256e-11
  Force max component initial, final = 0.1169064 5.088505e-11
  Final line search alpha, max atom move = 1 5.088505e-11
  Iterations, force evaluations = 44 86

MPI task timing breakdown:
Section |  min time  |  avg time  |  max time  |%varavg| %total
---------------------------------------------------------------
Pair    | 0.18703    | 0.18703    | 0.18703    |   0.0 | 95.60
Neigh   | 0.006566   | 0.006566   | 0.006566   |   0.0 |  3.36
Comm    | 0.0016636  | 0.0016636  | 0.0016636  |   0.0 |  0.85
Output  | 0          | 0          | 0          |   0.0 |  0.00
Modify  | 0          | 0          | 0          |   0.0 |  0.00
Other   |            | 0.000379   |            |       |  0.19

Nlocal:             15 ave          15 max          15 min
Histogram: 1 0 0 0 0 0 0 0 0 0
Nghost:            849 ave         849 max         849 min
Histogram: 1 0 0 0 0 0 0 0 0 0
Neighs:              0 ave           0 max           0 min
Histogram: 1 0 0 0 0 0 0 0 0 0
FullNghs:         1872 ave        1872 max        1872 min
Histogram: 1 0 0 0 0 0 0 0 0 0

Total # of neighbors = 1872
Ave neighs/atom = 124.8
Neighbor list builds = 87
Dangerous builds not checked
All done
Total number of atoms = 15
Final energy per atoms = -4.10771423776225
Final volume per atoms = 33.3404650699583
Final Base area = 16.5630282072619
Final Stress (xx yy zz xy xz yz) = 461.470906807043 204.279625683985 809.689543791154 -2498.14615642761 4587.8289187039 -359.236138434754
Total wall time: 0:00:02
