DeePMD-kit WARNING: Environmental variable TF_INTRA_OP_PARALLELISM_THREADS is not set. Tune TF_INTRA_OP_PARALLELISM_THREADS for the best performance. See https://deepmd.rtfd.io/parallelism/ for more information.
DeePMD-kit WARNING: Environmental variable TF_INTER_OP_PARALLELISM_THREADS is not set. Tune TF_INTER_OP_PARALLELISM_THREADS for the best performance. See https://deepmd.rtfd.io/parallelism/ for more information.
DeePMD-kit WARNING: Environmental variable OMP_NUM_THREADS is not set. Tune OMP_NUM_THREADS for the best performance. See https://deepmd.rtfd.io/parallelism/ for more information.
DeePMD-kit WARNING: Environmental variable TF_INTRA_OP_PARALLELISM_THREADS is not set. Tune TF_INTRA_OP_PARALLELISM_THREADS for the best performance. See https://deepmd.rtfd.io/parallelism/ for more information.
DeePMD-kit WARNING: Environmental variable TF_INTER_OP_PARALLELISM_THREADS is not set. Tune TF_INTER_OP_PARALLELISM_THREADS for the best performance. See https://deepmd.rtfd.io/parallelism/ for more information.
DeePMD-kit WARNING: Environmental variable OMP_NUM_THREADS is not set. Tune OMP_NUM_THREADS for the best performance. See https://deepmd.rtfd.io/parallelism/ for more information.
DeePMD-kit: Successfully load libcudart.so.11.0
2024-12-05 16:57:21.956734: I tensorflow/core/platform/INVALID_ARGUMENT: Tensor spin_attr/ntypes_spin:0, specified in either feed_devices or fetch_devices was not found in the Graph
  >>> Info of model(s):
  using   1 model(s): frozen_model.pb 
  rcut in model:      8
  ntypes in model:    2

CITE-CITE-CITE-CITE-CITE-CITE-CITE-CITE-CITE-CITE-CITE-CITE-CITE

Your simulation uses code contributions which should be cited:
- USER-DEEPMD package:
The log file lists these citations in BibTeX format.

CITE-CITE-CITE-CITE-CITE-CITE-CITE-CITE-CITE-CITE-CITE-CITE-CITE

Generated 0 of 1 mixed pair_coeff terms from geometric mixing rule
Neighbor list info ...
  update: every = 1 steps, delay = 0 steps, check = no
  max neighbors/atom: 2000, page size: 100000
  master list distance cutoff = 10
  ghost atom cutoff = 10
  binsize = 5, bins = 1 2 17
  1 neighbor lists, perpetual/occasional/extra = 1 0 0
  (1) pair deepmd, perpetual
      attributes: full, newton on
      pair build: full/bin/atomonly
      stencil: full/bin/3d
      bin: standard
Setting up cg style minimization ...
  Unit style    : metal
  Current step  : 0
Per MPI rank memory allocation (min/avg/max) = 3.786 | 3.786 | 3.786 Mbytes
   Step         PotEng          Pxx            Pyy            Pzz            Pxy            Pxz            Pyz             Lx             Ly             Lz           Volume         c_mype    
         0  -136.43935     -200592.21     -200726.23     -198596.53     -13.639         887.52525      1488.7907      3.0923565      5.3561186      83.222057      1378.4093     -136.43935    
       100  -159.19473     -188413.77     -188040.42     -8380.6802     -150.47312      1647.251       2360.7213      3.0923565      5.3561186      83.222057      1378.4093     -159.19473    
       200  -159.28974     -186127.89     -185589.63     -0.59642152    -95.450906      1834.5158      2679.5844      3.0923565      5.3561186      83.222057      1378.4093     -159.28974    
       300  -159.28975     -186133.97     -185595.64     -1.8024312e-05 -95.403944      1834.614       2679.7855      3.0923565      5.3561186      83.222057      1378.4093     -159.28975    
       337  -159.28975     -186133.97     -185595.64     -2.9236198e-08 -95.403944      1834.614       2679.7855      3.0923565      5.3561186      83.222057      1378.4093     -159.28975    
Loop time of 2.00524 on 1 procs for 337 steps with 60 atoms

105.8% CPU use with 1 MPI tasks x 1 OpenMP threads

Minimization stats:
  Stopping criterion = force tolerance
  Energy initial, next-to-last, final = 
     -136.439351786549  -159.289746003116  -159.289746003116
  Force two-norm initial, final = 2.629867 8.39108e-11
  Force max component initial, final = 0.96494345 3.2074177e-11
  Final line search alpha, max atom move = 1 3.2074177e-11
  Iterations, force evaluations = 337 634

MPI task timing breakdown:
Section |  min time  |  avg time  |  max time  |%varavg| %total
---------------------------------------------------------------
Pair    | 1.8658     | 1.8658     | 1.8658     |   0.0 | 93.05
Neigh   | 0.11432    | 0.11432    | 0.11432    |   0.0 |  5.70
Comm    | 0.021383   | 0.021383   | 0.021383   |   0.0 |  1.07
Output  | 0.00047064 | 0.00047064 | 0.00047064 |   0.0 |  0.02
Modify  | 0.00024139 | 0.00024139 | 0.00024139 |   0.0 |  0.01
Other   |            | 0.003021   |            |       |  0.15

Nlocal:             60 ave          60 max          60 min
Histogram: 1 0 0 0 0 0 0 0 0 0
Nghost:           2407 ave        2407 max        2407 min
Histogram: 1 0 0 0 0 0 0 0 0 0
Neighs:              0 ave           0 max           0 min
Histogram: 1 0 0 0 0 0 0 0 0 0
FullNghs:        11276 ave       11276 max       11276 min
Histogram: 1 0 0 0 0 0 0 0 0 0

Total # of neighbors = 11276
Ave neighs/atom = 187.93333
Neighbor list builds = 635
Dangerous builds not checked
All done
Total number of atoms = 60
Final energy per atoms = -2.65482910005193
Final volume per atoms = 22.973487974579
Final Base area = 16.5630282094287
Final Stress (xx yy zz xy xz yz) = -186133.971824114 -185595.643751652 -2.92361975693416e-08 -95.4039435567637 1834.61400634239 2679.78545679482
Total wall time: 0:00:03
