DeePMD-kit WARNING: Environmental variable TF_INTRA_OP_PARALLELISM_THREADS is not set. Tune TF_INTRA_OP_PARALLELISM_THREADS for the best performance. See https://deepmd.rtfd.io/parallelism/ for more information.
DeePMD-kit WARNING: Environmental variable TF_INTER_OP_PARALLELISM_THREADS is not set. Tune TF_INTER_OP_PARALLELISM_THREADS for the best performance. See https://deepmd.rtfd.io/parallelism/ for more information.
DeePMD-kit WARNING: Environmental variable OMP_NUM_THREADS is not set. Tune OMP_NUM_THREADS for the best performance. See https://deepmd.rtfd.io/parallelism/ for more information.
DeePMD-kit WARNING: Environmental variable TF_INTRA_OP_PARALLELISM_THREADS is not set. Tune TF_INTRA_OP_PARALLELISM_THREADS for the best performance. See https://deepmd.rtfd.io/parallelism/ for more information.
DeePMD-kit WARNING: Environmental variable TF_INTER_OP_PARALLELISM_THREADS is not set. Tune TF_INTER_OP_PARALLELISM_THREADS for the best performance. See https://deepmd.rtfd.io/parallelism/ for more information.
DeePMD-kit WARNING: Environmental variable OMP_NUM_THREADS is not set. Tune OMP_NUM_THREADS for the best performance. See https://deepmd.rtfd.io/parallelism/ for more information.
DeePMD-kit: Successfully load libcudart.so.11.0
2024-12-05 16:56:29.548476: I tensorflow/core/platform/cpu_feature_guard.cc:193] This TensorFlow binary is optimized with oneAPI Deep Neural Network Library (oneDNN)INVALID_ARGUMENT: Tensor spin_attr/ntypes_spin:0, specified in either feed_devices or fetch_devices was not found in the Graph
  >>> Info of model(s):
  using   1 model(s): frozen_model.pb 
  rcut in model:      8
  ntypes in model:    2

CITE-CITE-CITE-CITE-CITE-CITE-CITE-CITE-CITE-CITE-CITE-CITE-CITE

Your simulation uses code contributions which should be cited:
- USER-DEEPMD package:
The log file lists these citations in BibTeX format.

CITE-CITE-CITE-CITE-CITE-CITE-CITE-CITE-CITE-CITE-CITE-CITE-CITE

Generated 0 of 1 mixed pair_coeff terms from geometric mixing rule
Neighbor list info ...
  update: every = 1 steps, delay = 0 steps, check = no
  max neighbors/atom: 2000, page size: 100000
  master list distance cutoff = 10
  ghost atom cutoff = 10
  binsize = 5, bins = 4 3 19
  1 neighbor lists, perpetual/occasional/extra = 1 0 0
  (1) pair deepmd, perpetual
      attributes: full, newton on
      pair build: full/bin/atomonly
      stencil: full/bin/3d
      bin: standard
Setting up cg style minimization ...
  Unit style    : metal
  Current step  : 0
WARNING: Energy due to 1 extra global DOFs will be included in minimizer energies
 (src/min.cpp:225)
Per MPI rank memory allocation (min/avg/max) = 3.831 | 3.831 | 3.831 Mbytes
   Step         PotEng          Pxx            Pyy            Pzz            Pxy            Pxz            Pyz             Lx             Ly             Lz           Volume         c_mype    
         0  -1658.0177     -339.83285     -339.83411     -348.70123      0.038698306   -0.036334008   -0.0011582456   13.119758      11.362043      90.600648      13505.59      -1658.0177    
        18  -1658.0825      2.3642501      2.3482068     -6.9063446      6.1082889     -10.330935     -0.023330143    13.117269      11.359888      90.58346       13497.905     -1658.0825    
Loop time of 0.830073 on 1 procs for 18 steps with 404 atoms

101.9% CPU use with 1 MPI tasks x 1 OpenMP threads

Minimization stats:
  Stopping criterion = linesearch alpha is zero
  Energy initial, next-to-last, final = 
      -1658.0177192287  -1658.08246071949  -1658.08245673046
  Force two-norm initial, final = 8.7025399 0.076250498
  Force max component initial, final = 8.6686572 0.022441764
  Final line search alpha, max atom move = 1.3161689e-06 2.9537151e-08
  Iterations, force evaluations = 18 56

MPI task timing breakdown:
Section |  min time  |  avg time  |  max time  |%varavg| %total
---------------------------------------------------------------
Pair    | 0.73913    | 0.73913    | 0.73913    |   0.0 | 89.04
Neigh   | 0.083213   | 0.083213   | 0.083213   |   0.0 | 10.02
Comm    | 0.0031703  | 0.0031703  | 0.0031703  |   0.0 |  0.38
Output  | 0          | 0          | 0          |   0.0 |  0.00
Modify  | 0          | 0          | 0          |   0.0 |  0.00
Other   |            | 0.004562   |            |       |  0.55

Nlocal:            404 ave         404 max         404 min
Histogram: 1 0 0 0 0 0 0 0 0 0
Nghost:           3040 ave        3040 max        3040 min
Histogram: 1 0 0 0 0 0 0 0 0 0
Neighs:              0 ave           0 max           0 min
Histogram: 1 0 0 0 0 0 0 0 0 0
FullNghs:        49652 ave       49652 max       49652 min
Histogram: 1 0 0 0 0 0 0 0 0 0

Total # of neighbors = 49652
Ave neighs/atom = 122.90099
Neighbor list builds = 57
Dangerous builds not checked
Generated 0 of 1 mixed pair_coeff terms from geometric mixing rule
Setting up cg style minimization ...
  Unit style    : metal
  Current step  : 18
WARNING: Energy due to 3 extra global DOFs will be included in minimizer energies
 (src/min.cpp:225)
Per MPI rank memory allocation (min/avg/max) = 5.106 | 5.106 | 5.106 Mbytes
   Step         PotEng          Pxx            Pyy            Pzz            Pxy            Pxz            Pyz             Lx             Ly             Lz           Volume         c_mype    
        18  -1658.0825      2.3642501      2.3482068     -6.9063446      6.1082889     -10.330935     -0.023330143    13.117269      11.359888      90.58346       13497.905     -1658.0825    
        20  -1658.0825      6.6839226      6.7198625      15.674902      6.1570646     -10.430713      0.00078073992  13.117466      11.360057      90.579483      13497.717     -1658.0825    
Loop time of 0.360344 on 1 procs for 2 steps with 404 atoms

101.2% CPU use with 1 MPI tasks x 1 OpenMP threads

Minimization stats:
  Stopping criterion = linesearch alpha is zero
  Energy initial, next-to-last, final = 
     -1658.08245673046  -1658.08246089232  -1658.08245556712
  Force two-norm initial, final = 0.098213442 0.17115206
  Force max component initial, final = 0.058184091 0.13206078
  Final line search alpha, max atom move = 4.1871887e-07 5.5296341e-08
  Iterations, force evaluations = 2 25

MPI task timing breakdown:
Section |  min time  |  avg time  |  max time  |%varavg| %total
---------------------------------------------------------------
Pair    | 0.3194     | 0.3194     | 0.3194     |   0.0 | 88.64
Neigh   | 0.037354   | 0.037354   | 0.037354   |   0.0 | 10.37
Comm    | 0.0013875  | 0.0013875  | 0.0013875  |   0.0 |  0.39
Output  | 0          | 0          | 0          |   0.0 |  0.00
Modify  | 0          | 0          | 0          |   0.0 |  0.00
Other   |            | 0.002203   |            |       |  0.61

Nlocal:            404 ave         404 max         404 min
Histogram: 1 0 0 0 0 0 0 0 0 0
Nghost:           3040 ave        3040 max        3040 min
Histogram: 1 0 0 0 0 0 0 0 0 0
Neighs:              0 ave           0 max           0 min
Histogram: 1 0 0 0 0 0 0 0 0 0
FullNghs:        49652 ave       49652 max       49652 min
Histogram: 1 0 0 0 0 0 0 0 0 0

Total # of neighbors = 49652
Ave neighs/atom = 122.90099
Neighbor list builds = 26
Dangerous builds not checked
Generated 0 of 1 mixed pair_coeff terms from geometric mixing rule
Setting up cg style minimization ...
  Unit style    : metal
  Current step  : 20
WARNING: Energy due to 6 extra global DOFs will be included in minimizer energies
 (src/min.cpp:225)
Per MPI rank memory allocation (min/avg/max) = 5.106 | 5.106 | 5.106 Mbytes
   Step         PotEng          Pxx            Pyy            Pzz            Pxy            Pxz            Pyz             Lx             Ly             Lz           Volume         c_mype    
        20  -1658.0825      6.6839226      6.7198625      15.674902      6.1570646     -10.430713      0.00078073995  13.117466      11.360057      90.579483      13497.717     -1658.0825    
        27  -1658.0825     -8.0987772     -8.7420838     -5.9402577      0.7722489      0.74685643    -0.32625459     13.11752       11.360119      90.581403      13498.131     -1658.0825    
Loop time of 0.470217 on 1 procs for 7 steps with 404 atoms

101.5% CPU use with 1 MPI tasks x 1 OpenMP threads

Minimization stats:
  Stopping criterion = linesearch alpha is zero
  Energy initial, next-to-last, final = 
     -1658.08245556712  -1658.08259401877  -1658.08250162183
  Force two-norm initial, final = 0.18177207 0.13292389
  Force max component initial, final = 0.13205498 0.073650534
  Final line search alpha, max atom move = 6.8023212e-07 5.0099459e-08
  Iterations, force evaluations = 7 33

MPI task timing breakdown:
Section |  min time  |  avg time  |  max time  |%varavg| %total
---------------------------------------------------------------
Pair    | 0.41647    | 0.41647    | 0.41647    |   0.0 | 88.57
Neigh   | 0.049523   | 0.049523   | 0.049523   |   0.0 | 10.53
Comm    | 0.0016891  | 0.0016891  | 0.0016891  |   0.0 |  0.36
Output  | 0          | 0          | 0          |   0.0 |  0.00
Modify  | 0          | 0          | 0          |   0.0 |  0.00
Other   |            | 0.002531   |            |       |  0.54

Nlocal:            404 ave         404 max         404 min
Histogram: 1 0 0 0 0 0 0 0 0 0
Nghost:           3040 ave        3040 max        3040 min
Histogram: 1 0 0 0 0 0 0 0 0 0
Neighs:              0 ave           0 max           0 min
Histogram: 1 0 0 0 0 0 0 0 0 0
FullNghs:        49652 ave       49652 max       49652 min
Histogram: 1 0 0 0 0 0 0 0 0 0

Total # of neighbors = 49652
Ave neighs/atom = 122.90099
Neighbor list builds = 34
Dangerous builds not checked
All done
Total number of atoms = 404
Final energy per atoms = -4.10416460797483
Final volume per atoms = 33.4112148543394
Final Base area = 149.016579203662
Final Stress (xx yy zz xy xz yz) = -8.09877720557817 -8.74208380547141 -5.94025768623892 0.772248904234146 0.746856430355384 -0.326254594295507
Total wall time: 0:00:03
