DeePMD-kit WARNING: Environmental variable TF_INTRA_OP_PARALLELISM_THREADS is not set. Tune TF_INTRA_OP_PARALLELISM_THREADS for the best performance. See https://deepmd.rtfd.io/parallelism/ for more information.
DeePMD-kit WARNING: Environmental variable TF_INTER_OP_PARALLELISM_THREADS is not set. Tune TF_INTER_OP_PARALLELISM_THREADS for the best performance. See https://deepmd.rtfd.io/parallelism/ for more information.
DeePMD-kit WARNING: Environmental variable OMP_NUM_THREADS is not set. Tune OMP_NUM_THREADS for the best performance. See https://deepmd.rtfd.io/parallelism/ for more information.
DeePMD-kit WARNING: Environmental variable TF_INTRA_OP_PARALLELISM_THREADS is not set. Tune TF_INTRA_OP_PARALLELISM_THREADS for the best performance. See https://deepmd.rtfd.io/parallelism/ for more information.
DeePMD-kit WARNING: Environmental variable TF_INTER_OP_PARALLELISM_THREADS is not set. Tune TF_INTER_OP_PARALLELISM_THREADS for the best performance. See https://deepmd.rtfd.io/parallelism/ for more information.
DeePMD-kit WARNING: Environmental variable OMP_NUM_THREADS is not set. Tune OMP_NUM_THREADS for the best performance. See https://deepmd.rtfd.io/parallelism/ for more information.
DeePMD-kit: Successfully load libcudart.so.11.0
2024-12-05 16:57:10.452276: I tensorflow/core/platform/cpu_feature_guard.cc:193] This TensorFlow binary is optimized with oneAPI Deep Neural Network Library (oneDNNINVALID_ARGUMENT: Tensor spin_attr/ntypes_spin:0, specified in either feed_devices or fetch_devices was not found in the Graph
  >>> Info of model(s):
  using   1 model(s): frozen_model.pb 
  rcut in model:      8
  ntypes in model:    2

CITE-CITE-CITE-CITE-CITE-CITE-CITE-CITE-CITE-CITE-CITE-CITE-CITE

Your simulation uses code contributions which should be cited:
- USER-DEEPMD package:
The log file lists these citations in BibTeX format.

CITE-CITE-CITE-CITE-CITE-CITE-CITE-CITE-CITE-CITE-CITE-CITE-CITE

Generated 0 of 1 mixed pair_coeff terms from geometric mixing rule
Neighbor list info ...
  update: every = 1 steps, delay = 0 steps, check = no
  max neighbors/atom: 2000, page size: 100000
  master list distance cutoff = 10
  ghost atom cutoff = 10
  binsize = 5, bins = 2 1 6
  1 neighbor lists, perpetual/occasional/extra = 1 0 0
  (1) pair deepmd, perpetual
      attributes: full, newton on
      pair build: full/bin/atomonly
      stencil: full/bin/3d
      bin: standard
Setting up cg style minimization ...
  Unit style    : metal
  Current step  : 0
Per MPI rank memory allocation (min/avg/max) = 3.747 | 3.747 | 3.747 Mbytes
   Step         PotEng          Pxx            Pyy            Pzz            Pxy            Pxz            Pyz             Lx             Ly             Lz           Volume         c_mype    
         0  -60.753854      65822.624      65822.624      71736.774      0.051817811   -0.060826914    0.00022182101  4.2379096      3.6701373      29.265583      455.18839     -60.753854    
        22  -60.912753      54837.019      54837.019      59881.325      0.038845018   -0.042663926    3.3567866e-05  4.2379096      3.6701373      29.265583      455.18839     -60.912753    
Loop time of 0.0967259 on 1 procs for 22 steps with 15 atoms

112.0% CPU use with 1 MPI tasks x 1 OpenMP threads

Minimization stats:
  Stopping criterion = force tolerance
  Energy initial, next-to-last, final = 
      -60.753854336521  -60.9127531069961  -60.9127531069961
  Force two-norm initial, final = 1.6613721 9.6319971e-11
  Force max component initial, final = 0.6437659 4.9087678e-11
  Final line search alpha, max atom move = 1 4.9087678e-11
  Iterations, force evaluations = 22 44

MPI task timing breakdown:
Section |  min time  |  avg time  |  max time  |%varavg| %total
---------------------------------------------------------------
Pair    | 0.09365    | 0.09365    | 0.09365    |   0.0 | 96.82
Neigh   | 0.0022466  | 0.0022466  | 0.0022466  |   0.0 |  2.32
Comm    | 0.00062093 | 0.00062093 | 0.00062093 |   0.0 |  0.64
Output  | 0          | 0          | 0          |   0.0 |  0.00
Modify  | 0          | 0          | 0          |   0.0 |  0.00
Other   |            | 0.0002081  |            |       |  0.22

Nlocal:             15 ave          15 max          15 min
Histogram: 1 0 0 0 0 0 0 0 0 0
Nghost:           1155 ave        1155 max        1155 min
Histogram: 1 0 0 0 0 0 0 0 0 0
Neighs:              0 ave           0 max           0 min
Histogram: 1 0 0 0 0 0 0 0 0 0
FullNghs:         2028 ave        2028 max        2028 min
Histogram: 1 0 0 0 0 0 0 0 0 0

Total # of neighbors = 2028
Ave neighs/atom = 135.2
Neighbor list builds = 45
Dangerous builds not checked
All done
Total number of atoms = 15
Final energy per atoms = -4.06085020713307
Final volume per atoms = 30.3458929987327
Final Base area = 15.553710206653
Final Stress (xx yy zz xy xz yz) = 54837.0188839217 54837.0189441391 59881.3252579154 0.0388450183864329 -0.0426639257839871 3.35678663904761e-05
Total wall time: 0:00:01
