DeePMD-kit WARNING: Environmental variable TF_INTRA_OP_PARALLELISM_THREADS is not set. Tune TF_INTRA_OP_PARALLELISM_THREADS for the best performance. See https://deepmd.rtfd.io/parallelism/ for more information.
DeePMD-kit WARNING: Environmental variable TF_INTER_OP_PARALLELISM_THREADS is not set. Tune TF_INTER_OP_PARALLELISM_THREADS for the best performance. See https://deepmd.rtfd.io/parallelism/ for more information.
DeePMD-kit WARNING: Environmental variable OMP_NUM_THREADS is not set. Tune OMP_NUM_THREADS for the best performance. See https://deepmd.rtfd.io/parallelism/ for more information.
DeePMD-kit WARNING: Environmental variable TF_INTRA_OP_PARALLELISM_THREADS is not set. Tune TF_INTRA_OP_PARALLELISM_THREADS for the best performance. See https://deepmd.rtfd.io/parallelism/ for more information.
DeePMD-kit WARNING: Environmental variable TF_INTER_OP_PARALLELISM_THREADS is not set. Tune TF_INTER_OP_PARALLELISM_THREADS for the best performance. See https://deepmd.rtfd.io/parallelism/ for more information.
DeePMD-kit WARNING: Environmental variable OMP_NUM_THREADS is not set. Tune OMP_NUM_THREADS for the best performance. See https://deepmd.rtfd.io/parallelism/ for more information.
DeePMD-kit: Successfully load libcudart.so.11.0
2024-12-05 16:57:08.396352: I tensorflow/core/platform/cpu_feature_guard.cc:193] This TensorFlow binary is optimized with oneAPI Deep Neural Network Library (oneDNNINVALID_ARGUMENT: Tensor spin_attr/ntypes_spin:0, specified in either feed_devices or fetch_devices was not found in the Graph
  >>> Info of model(s):
  using   1 model(s): frozen_model.pb 
  rcut in model:      8
  ntypes in model:    2

CITE-CITE-CITE-CITE-CITE-CITE-CITE-CITE-CITE-CITE-CITE-CITE-CITE

Your simulation uses code contributions which should be cited:
- USER-DEEPMD package:
The log file lists these citations in BibTeX format.

CITE-CITE-CITE-CITE-CITE-CITE-CITE-CITE-CITE-CITE-CITE-CITE-CITE

Generated 0 of 1 mixed pair_coeff terms from geometric mixing rule
Neighbor list info ...
  update: every = 1 steps, delay = 0 steps, check = no
  max neighbors/atom: 2000, page size: 100000
  master list distance cutoff = 10
  ghost atom cutoff = 10
  binsize = 5, bins = 2 1 7
  1 neighbor lists, perpetual/occasional/extra = 1 0 0
  (1) pair deepmd, perpetual
      attributes: full, newton on
      pair build: full/bin/atomonly
      stencil: full/bin/3d
      bin: standard
Setting up cg style minimization ...
  Unit style    : metal
  Current step  : 0
Per MPI rank memory allocation (min/avg/max) = 3.733 | 3.733 | 3.733 Mbytes
   Step         PotEng          Pxx            Pyy            Pzz            Pxy            Pxz            Pyz             Lx             Ly             Lz           Volume         c_mype    
         0  -61.613583      191.58627      302.74502      223.12663      5260.6985     -5066.4054     -171.37792      4.3732525      3.7865902      30.200216      500.10698     -61.613583    
        34  -61.618439      119.09788      244.21165      196.89576      3708.6471     -2481.952      -107.66161      4.3732525      3.7865902      30.200216      500.10698     -61.618439    
Loop time of 0.143869 on 1 procs for 34 steps with 15 atoms

110.9% CPU use with 1 MPI tasks x 1 OpenMP threads

Minimization stats:
  Stopping criterion = force tolerance
  Energy initial, next-to-last, final = 
      -61.613583220102  -61.6184385712939  -61.6184385712939
  Force two-norm initial, final = 0.17717164 3.7190402e-11
  Force max component initial, final = 0.069753408 1.6256468e-11
  Final line search alpha, max atom move = 1 1.6256468e-11
  Iterations, force evaluations = 34 67

MPI task timing breakdown:
Section |  min time  |  avg time  |  max time  |%varavg| %total
---------------------------------------------------------------
Pair    | 0.1409     | 0.1409     | 0.1409     |   0.0 | 97.94
Neigh   | 0.0020582  | 0.0020582  | 0.0020582  |   0.0 |  1.43
Comm    | 0.00071096 | 0.00071096 | 0.00071096 |   0.0 |  0.49
Output  | 0          | 0          | 0          |   0.0 |  0.00
Modify  | 0          | 0          | 0          |   0.0 |  0.00
Other   |            | 0.0001998  |            |       |  0.14

Nlocal:             15 ave          15 max          15 min
Histogram: 1 0 0 0 0 0 0 0 0 0
Nghost:            873 ave         873 max         873 min
Histogram: 1 0 0 0 0 0 0 0 0 0
Neighs:              0 ave           0 max           0 min
Histogram: 1 0 0 0 0 0 0 0 0 0
FullNghs:         1860 ave        1860 max        1860 min
Histogram: 1 0 0 0 0 0 0 0 0 0

Total # of neighbors = 1860
Ave neighs/atom = 124
Neighbor list builds = 68
Dangerous builds not checked
All done
Total number of atoms = 15
Final energy per atoms = -4.10789590475293
Final volume per atoms = 33.3404650701127
Final Base area = 16.5597152703708
Final Stress (xx yy zz xy xz yz) = 119.097884294366 244.211653574809 196.895762695183 3708.64712262545 -2481.95198891639 -107.661610886202
Total wall time: 0:00:01
