DeePMD-kit WARNING: Environmental variable TF_INTRA_OP_PARALLELISM_THREADS is not set. Tune TF_INTRA_OP_PARALLELISM_THREADS for the best performance. See https://deepmd.rtfd.io/parallelism/ for more information.
DeePMD-kit WARNING: Environmental variable TF_INTER_OP_PARALLELISM_THREADS is not set. Tune TF_INTER_OP_PARALLELISM_THREADS for the best performance. See https://deepmd.rtfd.io/parallelism/ for more information.
DeePMD-kit WARNING: Environmental variable OMP_NUM_THREADS is not set. Tune OMP_NUM_THREADS for the best performance. See https://deepmd.rtfd.io/parallelism/ for more information.
DeePMD-kit WARNING: Environmental variable TF_INTRA_OP_PARALLELISM_THREADS is not set. Tune TF_INTRA_OP_PARALLELISM_THREADS for the best performance. See https://deepmd.rtfd.io/parallelism/ for more information.
DeePMD-kit WARNING: Environmental variable TF_INTER_OP_PARALLELISM_THREADS is not set. Tune TF_INTER_OP_PARALLELISM_THREADS for the best performance. See https://deepmd.rtfd.io/parallelism/ for more information.
DeePMD-kit WARNING: Environmental variable OMP_NUM_THREADS is not set. Tune OMP_NUM_THREADS for the best performance. See https://deepmd.rtfd.io/parallelism/ for more information.
DeePMD-kit: Successfully load libcudart.so.11.0
2024-12-05 16:57:11.936727: I tensorflow/core/platform/cpu_feature_guard.cc:193] This TensorFlow binary is optimized with oneAPI Deep Neural Network Library (oneDNN) to INVALID_ARGUMENT: Tensor spin_attr/ntypes_spin:0, specified in either feed_devices or fetch_devices was not found in the Graph
  >>> Info of model(s):
  using   1 model(s): frozen_model.pb 
  rcut in model:      8
  ntypes in model:    2

CITE-CITE-CITE-CITE-CITE-CITE-CITE-CITE-CITE-CITE-CITE-CITE-CITE

Your simulation uses code contributions which should be cited:
- USER-DEEPMD package:
The log file lists these citations in BibTeX format.

CITE-CITE-CITE-CITE-CITE-CITE-CITE-CITE-CITE-CITE-CITE-CITE-CITE

Generated 0 of 1 mixed pair_coeff terms from geometric mixing rule
Neighbor list info ...
  update: every = 1 steps, delay = 0 steps, check = no
  max neighbors/atom: 2000, page size: 100000
  master list distance cutoff = 10
  ghost atom cutoff = 10
  binsize = 5, bins = 2 1 7
  1 neighbor lists, perpetual/occasional/extra = 1 0 0
  (1) pair deepmd, perpetual
      attributes: full, newton on
      pair build: full/bin/atomonly
      stencil: full/bin/3d
      bin: standard
Setting up cg style minimization ...
  Unit style    : metal
  Current step  : 0
Per MPI rank memory allocation (min/avg/max) = 3.733 | 3.733 | 3.733 Mbytes
   Step         PotEng          Pxx            Pyy            Pzz            Pxy            Pxz            Pyz             Lx             Ly             Lz           Volume         c_mype    
         0  -61.623019     -2489.8073      2627.9568      176.50305      0.038837573   -0.037323696    4509.4216      4.3732525      3.7873478      30.198706      500.18202     -61.623019    
        28  -61.626362     -1185.2936      1361.1853      211.93449      0.027378531   -0.01753557     2374.9397      4.3732525      3.7873478      30.198706      500.18202     -61.626362    
Loop time of 0.119357 on 1 procs for 28 steps with 15 atoms

114.4% CPU use with 1 MPI tasks x 1 OpenMP threads

Minimization stats:
  Stopping criterion = linesearch alpha is zero
  Energy initial, next-to-last, final = 
      -61.623018935922  -61.6263623408018  -61.6263623408018
  Force two-norm initial, final = 0.15104845 6.4349421e-09
  Force max component initial, final = 0.059323481 2.171842e-09
  Final line search alpha, max atom move = 0.5 1.085921e-09
  Iterations, force evaluations = 28 56

MPI task timing breakdown:
Section |  min time  |  avg time  |  max time  |%varavg| %total
---------------------------------------------------------------
Pair    | 0.11659    | 0.11659    | 0.11659    |   0.0 | 97.69
Neigh   | 0.0019083  | 0.0019083  | 0.0019083  |   0.0 |  1.60
Comm    | 0.00061103 | 0.00061103 | 0.00061103 |   0.0 |  0.51
Output  | 0          | 0          | 0          |   0.0 |  0.00
Modify  | 0          | 0          | 0          |   0.0 |  0.00
Other   |            | 0.0002437  |            |       |  0.20

Nlocal:             15 ave          15 max          15 min
Histogram: 1 0 0 0 0 0 0 0 0 0
Nghost:            849 ave         849 max         849 min
Histogram: 1 0 0 0 0 0 0 0 0 0
Neighs:              0 ave           0 max           0 min
Histogram: 1 0 0 0 0 0 0 0 0 0
FullNghs:         1872 ave        1872 max        1872 min
Histogram: 1 0 0 0 0 0 0 0 0 0

Total # of neighbors = 1872
Ave neighs/atom = 124.8
Neighbor list builds = 57
Dangerous builds not checked
All done
Total number of atoms = 15
Final energy per atoms = -4.10842415605345
Final volume per atoms = 33.345467765673
Final Base area = 16.5630282072619
Final Stress (xx yy zz xy xz yz) = -1185.29359570147 1361.18526246425 211.93448585578 0.0273785306440035 -0.017535569740028 2374.93967209729
Total wall time: 0:00:01
