DeePMD-kit WARNING: Environmental variable TF_INTRA_OP_PARALLELISM_THREADS is not set. Tune TF_INTRA_OP_PARALLELISM_THREADS for the best performance. See https://deepmd.rtfd.io/parallelism/ for more information.
DeePMD-kit WARNING: Environmental variable TF_INTER_OP_PARALLELISM_THREADS is not set. Tune TF_INTER_OP_PARALLELISM_THREADS for the best performance. See https://deepmd.rtfd.io/parallelism/ for more information.
DeePMD-kit WARNING: Environmental variable OMP_NUM_THREADS is not set. Tune OMP_NUM_THREADS for the best performance. See https://deepmd.rtfd.io/parallelism/ for more information.
DeePMD-kit WARNING: Environmental variable TF_INTRA_OP_PARALLELISM_THREADS is not set. Tune TF_INTRA_OP_PARALLELISM_THREADS for the best performance. See https://deepmd.rtfd.io/parallelism/ for more information.
DeePMD-kit WARNING: Environmental variable TF_INTER_OP_PARALLELISM_THREADS is not set. Tune TF_INTER_OP_PARALLELISM_THREADS for the best performance. See https://deepmd.rtfd.io/parallelism/ for more information.
DeePMD-kit WARNING: Environmental variable OMP_NUM_THREADS is not set. Tune OMP_NUM_THREADS for the best performance. See https://deepmd.rtfd.io/parallelism/ for more information.
DeePMD-kit: Successfully load libcudart.so.11.0
2024-12-05 16:57:38.819253: I tensorflow/core/platform/INVALID_ARGUMENT: Tensor spin_attr/ntypes_spin:0, specified in either feed_devices or fetch_devices was not found in the Graph
  >>> Info of model(s):
  using   1 model(s): frozen_model.pb 
  rcut in model:      8
  ntypes in model:    2

CITE-CITE-CITE-CITE-CITE-CITE-CITE-CITE-CITE-CITE-CITE-CITE-CITE

Your simulation uses code contributions which should be cited:
- USER-DEEPMD package:
The log file lists these citations in BibTeX format.

CITE-CITE-CITE-CITE-CITE-CITE-CITE-CITE-CITE-CITE-CITE-CITE-CITE

Generated 0 of 1 mixed pair_coeff terms from geometric mixing rule
Neighbor list info ...
  update: every = 1 steps, delay = 0 steps, check = no
  max neighbors/atom: 2000, page size: 100000
  master list distance cutoff = 10
  ghost atom cutoff = 10
  binsize = 5, bins = 1 2 17
  1 neighbor lists, perpetual/occasional/extra = 1 0 0
  (1) pair deepmd, perpetual
      attributes: full, newton on
      pair build: full/bin/atomonly
      stencil: full/bin/3d
      bin: standard
Setting up cg style minimization ...
  Unit style    : metal
  Current step  : 0
Per MPI rank memory allocation (min/avg/max) = 3.786 | 3.786 | 3.786 Mbytes
   Step         PotEng          Pxx            Pyy            Pzz            Pxy            Pxz            Pyz             Lx             Ly             Lz           Volume         c_mype    
         0  -136.48783     -200490.48     -200681.45     -199366.03     -2.5472578     -1045.1959      1253.7246      3.0923565      5.3561186      83.222057      1378.4093     -136.48783    
       100  -159.33706     -188485.23     -187867.38     -8616.6794     -32.91725      -2453.1518      2505.6937      3.0923565      5.3561186      83.222057      1378.4093     -159.33706    
       200  -159.41309     -186115.63     -185397.31     -1.5420682     -72.510883     -2567.297       2619.9904      3.0923565      5.3561186      83.222057      1378.4093     -159.41309    
       279  -159.41309     -186115.16     -185396.83     -3.7709734e-07 -72.516902     -2567.312       2620.0073      3.0923565      5.3561186      83.222057      1378.4093     -159.41309    
Loop time of 1.63352 on 1 procs for 279 steps with 60 atoms

107.2% CPU use with 1 MPI tasks x 1 OpenMP threads

Minimization stats:
  Stopping criterion = force tolerance
  Energy initial, next-to-last, final = 
     -136.487830346622  -159.413087953486  -159.413087953486
  Force two-norm initial, final = 2.4418104 9.4870139e-11
  Force max component initial, final = 0.96494345 3.3131303e-11
  Final line search alpha, max atom move = 1 3.3131303e-11
  Iterations, force evaluations = 279 522

MPI task timing breakdown:
Section |  min time  |  avg time  |  max time  |%varavg| %total
---------------------------------------------------------------
Pair    | 1.5202     | 1.5202     | 1.5202     |   0.0 | 93.06
Neigh   | 0.093224   | 0.093224   | 0.093224   |   0.0 |  5.71
Comm    | 0.017272   | 0.017272   | 0.017272   |   0.0 |  1.06
Output  | 0.00028771 | 0.00028771 | 0.00028771 |   0.0 |  0.02
Modify  | 0.00018111 | 0.00018111 | 0.00018111 |   0.0 |  0.01
Other   |            | 0.00236    |            |       |  0.14

Nlocal:             60 ave          60 max          60 min
Histogram: 1 0 0 0 0 0 0 0 0 0
Nghost:           2407 ave        2407 max        2407 min
Histogram: 1 0 0 0 0 0 0 0 0 0
Neighs:              0 ave           0 max           0 min
Histogram: 1 0 0 0 0 0 0 0 0 0
FullNghs:        11284 ave       11284 max       11284 min
Histogram: 1 0 0 0 0 0 0 0 0 0

Total # of neighbors = 11284
Ave neighs/atom = 188.06667
Neighbor list builds = 523
Dangerous builds not checked
All done
Total number of atoms = 60
Final energy per atoms = -2.65688479922477
Final volume per atoms = 22.973487974579
Final Base area = 16.5630282094287
Final Stress (xx yy zz xy xz yz) = -186115.161252366 -185396.829595974 -3.77097339070698e-07 -72.5169024570886 -2567.31195321585 2620.00730301052
Total wall time: 0:00:03
