DeePMD-kit WARNING: Environmental variable TF_INTRA_OP_PARALLELISM_THREADS is not set. Tune TF_INTRA_OP_PARALLELISM_THREADS for the best performance. See https://deepmd.rtfd.io/parallelism/ for more information.
DeePMD-kit WARNING: Environmental variable TF_INTER_OP_PARALLELISM_THREADS is not set. Tune TF_INTER_OP_PARALLELISM_THREADS for the best performance. See https://deepmd.rtfd.io/parallelism/ for more information.
DeePMD-kit WARNING: Environmental variable OMP_NUM_THREADS is not set. Tune OMP_NUM_THREADS for the best performance. See https://deepmd.rtfd.io/parallelism/ for more information.
DeePMD-kit WARNING: Environmental variable TF_INTRA_OP_PARALLELISM_THREADS is not set. Tune TF_INTRA_OP_PARALLELISM_THREADS for the best performance. See https://deepmd.rtfd.io/parallelism/ for more information.
DeePMD-kit WARNING: Environmental variable TF_INTER_OP_PARALLELISM_THREADS is not set. Tune TF_INTER_OP_PARALLELISM_THREADS for the best performance. See https://deepmd.rtfd.io/parallelism/ for more information.
DeePMD-kit WARNING: Environmental variable OMP_NUM_THREADS is not set. Tune OMP_NUM_THREADS for the best performance. See https://deepmd.rtfd.io/parallelism/ for more information.
DeePMD-kit: Successfully load libcudart.so.11.0
2024-12-05 16:57:43.577486: I tensorflow/core/platform/INVALID_ARGUMENT: Tensor spin_attr/ntypes_spin:0, specified in either feed_devices or fetch_devices was not found in the Graph
  >>> Info of model(s):
  using   1 model(s): frozen_model.pb 
  rcut in model:      8
  ntypes in model:    2

CITE-CITE-CITE-CITE-CITE-CITE-CITE-CITE-CITE-CITE-CITE-CITE-CITE

Your simulation uses code contributions which should be cited:
- USER-DEEPMD package:
The log file lists these citations in BibTeX format.

CITE-CITE-CITE-CITE-CITE-CITE-CITE-CITE-CITE-CITE-CITE-CITE-CITE

Generated 0 of 1 mixed pair_coeff terms from geometric mixing rule
Neighbor list info ...
  update: every = 1 steps, delay = 0 steps, check = no
  max neighbors/atom: 2000, page size: 100000
  master list distance cutoff = 10
  ghost atom cutoff = 10
  binsize = 5, bins = 1 2 17
  1 neighbor lists, perpetual/occasional/extra = 1 0 0
  (1) pair deepmd, perpetual
      attributes: full, newton on
      pair build: full/bin/atomonly
      stencil: full/bin/3d
      bin: standard
Setting up cg style minimization ...
  Unit style    : metal
  Current step  : 0
Per MPI rank memory allocation (min/avg/max) = 3.786 | 3.786 | 3.786 Mbytes
   Step         PotEng          Pxx            Pyy            Pzz            Pxy            Pxz            Pyz             Lx             Ly             Lz           Volume         c_mype    
         0  -136.40061     -200676.1      -200752.08     -197956.22     -21.402531      649.17958      1670.139       3.0923565      5.3561186      83.222057      1378.4093     -136.40061    
       100  -159.07982     -188358.86     -187970.56     -7684.1848     -142.07407      1156.2153      2555.7007      3.0923565      5.3561186      83.222057      1378.4093     -159.07982    
       200  -159.20598     -186263.16     -185817.16      1.2711452     -132.50622      1199.8242      2673.9696      3.0923565      5.3561186      83.222057      1378.4093     -159.20598    
       300  -159.20598     -186263.24     -185817.14      6.6410633e-05 -132.48804      1199.8939      2674.1617      3.0923565      5.3561186      83.222057      1378.4093     -159.20598    
       312  -159.20598     -186263.24     -185817.14     -1.5088759e-06 -132.48804      1199.8939      2674.1617      3.0923565      5.3561186      83.222057      1378.4093     -159.20598    
Loop time of 1.95295 on 1 procs for 312 steps with 60 atoms

107.7% CPU use with 1 MPI tasks x 1 OpenMP threads

Minimization stats:
  Stopping criterion = force tolerance
  Energy initial, next-to-last, final = 
     -136.400614908877   -159.20598152121   -159.20598152121
  Force two-norm initial, final = 2.8018452 8.8982369e-11
  Force max component initial, final = 0.99553618 3.1438352e-11
  Final line search alpha, max atom move = 1 3.1438352e-11
  Iterations, force evaluations = 312 589

MPI task timing breakdown:
Section |  min time  |  avg time  |  max time  |%varavg| %total
---------------------------------------------------------------
Pair    | 1.7959     | 1.7959     | 1.7959     |   0.0 | 91.96
Neigh   | 0.13109    | 0.13109    | 0.13109    |   0.0 |  6.71
Comm    | 0.022491   | 0.022491   | 0.022491   |   0.0 |  1.15
Output  | 0.00041082 | 0.00041082 | 0.00041082 |   0.0 |  0.02
Modify  | 0.00024102 | 0.00024102 | 0.00024102 |   0.0 |  0.01
Other   |            | 0.002851   |            |       |  0.15

Nlocal:             60 ave          60 max          60 min
Histogram: 1 0 0 0 0 0 0 0 0 0
Nghost:           2407 ave        2407 max        2407 min
Histogram: 1 0 0 0 0 0 0 0 0 0
Neighs:              0 ave           0 max           0 min
Histogram: 1 0 0 0 0 0 0 0 0 0
FullNghs:        11264 ave       11264 max       11264 min
Histogram: 1 0 0 0 0 0 0 0 0 0

Total # of neighbors = 11264
Ave neighs/atom = 187.73333
Neighbor list builds = 590
Dangerous builds not checked
All done
Total number of atoms = 60
Final energy per atoms = -2.6534330253535
Final volume per atoms = 22.973487974579
Final Base area = 16.5630282094287
Final Stress (xx yy zz xy xz yz) = -186263.23956305 -185817.144821081 -1.5088758693946e-06 -132.4880352393 1199.89385942643 2674.16172158262
Total wall time: 0:00:03
