DeePMD-kit WARNING: Environmental variable TF_INTRA_OP_PARALLELISM_THREADS is not set. Tune TF_INTRA_OP_PARALLELISM_THREADS for the best performance. See https://deepmd.rtfd.io/parallelism/ for more information.
DeePMD-kit WARNING: Environmental variable TF_INTER_OP_PARALLELISM_THREADS is not set. Tune TF_INTER_OP_PARALLELISM_THREADS for the best performance. See https://deepmd.rtfd.io/parallelism/ for more information.
DeePMD-kit WARNING: Environmental variable OMP_NUM_THREADS is not set. Tune OMP_NUM_THREADS for the best performance. See https://deepmd.rtfd.io/parallelism/ for more information.
DeePMD-kit WARNING: Environmental variable TF_INTRA_OP_PARALLELISM_THREADS is not set. Tune TF_INTRA_OP_PARALLELISM_THREADS for the best performance. See https://deepmd.rtfd.io/parallelism/ for more information.
DeePMD-kit WARNING: Environmental variable TF_INTER_OP_PARALLELISM_THREADS is not set. Tune TF_INTER_OP_PARALLELISM_THREADS for the best performance. See https://deepmd.rtfd.io/parallelism/ for more information.
DeePMD-kit WARNING: Environmental variable OMP_NUM_THREADS is not set. Tune OMP_NUM_THREADS for the best performance. See https://deepmd.rtfd.io/parallelism/ for more information.
DeePMD-kit: Successfully load libcudart.so.11.0
2024-12-05 16:56:51.420295: I tensorflow/core/platform/cpu_feature_guard.cc:193] This TensorFlow binary is optimized with oneAPI Deep Neural Network Library (oneDNN) to INVALID_ARGUMENT: Tensor spin_attr/ntypes_spin:0, specified in either feed_devices or fetch_devices was not found in the Graph
  >>> Info of model(s):
  using   1 model(s): frozen_model.pb 
  rcut in model:      8
  ntypes in model:    2

CITE-CITE-CITE-CITE-CITE-CITE-CITE-CITE-CITE-CITE-CITE-CITE-CITE

Your simulation uses code contributions which should be cited:
- USER-DEEPMD package:
The log file lists these citations in BibTeX format.

CITE-CITE-CITE-CITE-CITE-CITE-CITE-CITE-CITE-CITE-CITE-CITE-CITE

Generated 0 of 1 mixed pair_coeff terms from geometric mixing rule
Neighbor list info ...
  update: every = 1 steps, delay = 0 steps, check = no
  max neighbors/atom: 2000, page size: 100000
  master list distance cutoff = 10
  ghost atom cutoff = 10
  binsize = 5, bins = 2 1 7
  1 neighbor lists, perpetual/occasional/extra = 1 0 0
  (1) pair deepmd, perpetual
      attributes: full, newton on
      pair build: full/bin/atomonly
      stencil: full/bin/3d
      bin: standard
Setting up cg style minimization ...
  Unit style    : metal
  Current step  : 0
Per MPI rank memory allocation (min/avg/max) = 3.733 | 3.733 | 3.733 Mbytes
   Step         PotEng          Pxx            Pyy            Pzz            Pxy            Pxz            Pyz             Lx             Ly             Lz           Volume         c_mype    
         0  -61.623094      94.596572      43.507744      175.59809     -2533.2975      4437.0857     -72.303343      4.3732525      3.7873478      30.198706      500.18202     -61.623094    
        34  -61.626457      117.8773       51.451915      204.89837     -1240.1977      2284.0815     -91.285985      4.3732525      3.7873478      30.198706      500.18202     -61.626457    
Loop time of 0.156262 on 1 procs for 34 steps with 15 atoms

107.2% CPU use with 1 MPI tasks x 1 OpenMP threads

Minimization stats:
  Stopping criterion = force tolerance
  Energy initial, next-to-last, final = 
     -61.6230943038631  -61.6264573911586  -61.6264573911586
  Force two-norm initial, final = 0.14898024 8.6629171e-11
  Force max component initial, final = 0.058487667 3.4975051e-11
  Final line search alpha, max atom move = 1 3.4975051e-11
  Iterations, force evaluations = 34 68

MPI task timing breakdown:
Section |  min time  |  avg time  |  max time  |%varavg| %total
---------------------------------------------------------------
Pair    | 0.14966    | 0.14966    | 0.14966    |   0.0 | 95.77
Neigh   | 0.0047656  | 0.0047656  | 0.0047656  |   0.0 |  3.05
Comm    | 0.0013143  | 0.0013143  | 0.0013143  |   0.0 |  0.84
Output  | 0          | 0          | 0          |   0.0 |  0.00
Modify  | 0          | 0          | 0          |   0.0 |  0.00
Other   |            | 0.0005236  |            |       |  0.34

Nlocal:             15 ave          15 max          15 min
Histogram: 1 0 0 0 0 0 0 0 0 0
Nghost:            849 ave         849 max         849 min
Histogram: 1 0 0 0 0 0 0 0 0 0
Neighs:              0 ave           0 max           0 min
Histogram: 1 0 0 0 0 0 0 0 0 0
FullNghs:         1860 ave        1860 max        1860 min
Histogram: 1 0 0 0 0 0 0 0 0 0

Total # of neighbors = 1860
Ave neighs/atom = 124
Neighbor list builds = 69
Dangerous builds not checked
All done
Total number of atoms = 15
Final energy per atoms = -4.10843049274391
Final volume per atoms = 33.345467765673
Final Base area = 16.5630282072619
Final Stress (xx yy zz xy xz yz) = 117.877302685402 51.4519148455233 204.898370141796 -1240.19767378251 2284.08153355616 -91.2859854959057
Total wall time: 0:00:01
