DeePMD-kit WARNING: Environmental variable TF_INTRA_OP_PARALLELISM_THREADS is not set. Tune TF_INTRA_OP_PARALLELISM_THREADS for the best performance. See https://deepmd.rtfd.io/parallelism/ for more information.
DeePMD-kit WARNING: Environmental variable TF_INTER_OP_PARALLELISM_THREADS is not set. Tune TF_INTER_OP_PARALLELISM_THREADS for the best performance. See https://deepmd.rtfd.io/parallelism/ for more information.
DeePMD-kit WARNING: Environmental variable OMP_NUM_THREADS is not set. Tune OMP_NUM_THREADS for the best performance. See https://deepmd.rtfd.io/parallelism/ for more information.
DeePMD-kit WARNING: Environmental variable TF_INTRA_OP_PARALLELISM_THREADS is not set. Tune TF_INTRA_OP_PARALLELISM_THREADS for the best performance. See https://deepmd.rtfd.io/parallelism/ for more information.
DeePMD-kit WARNING: Environmental variable TF_INTER_OP_PARALLELISM_THREADS is not set. Tune TF_INTER_OP_PARALLELISM_THREADS for the best performance. See https://deepmd.rtfd.io/parallelism/ for more information.
DeePMD-kit WARNING: Environmental variable OMP_NUM_THREADS is not set. Tune OMP_NUM_THREADS for the best performance. See https://deepmd.rtfd.io/parallelism/ for more information.
DeePMD-kit: Successfully load libcudart.so.11.0
2024-12-05 16:56:45.225590: I tensorflow/core/platform/cpu_feature_guard.cc:193] This TensorFlow binary is optimized with oneAPI Deep Neural Network Library (oneDNN)INVALID_ARGUMENT: Tensor spin_attr/ntypes_spin:0, specified in either feed_devices or fetch_devices was not found in the Graph
  >>> Info of model(s):
  using   1 model(s): frozen_model.pb 
  rcut in model:      8
  ntypes in model:    2

CITE-CITE-CITE-CITE-CITE-CITE-CITE-CITE-CITE-CITE-CITE-CITE-CITE

Your simulation uses code contributions which should be cited:
- USER-DEEPMD package:
The log file lists these citations in BibTeX format.

CITE-CITE-CITE-CITE-CITE-CITE-CITE-CITE-CITE-CITE-CITE-CITE-CITE

Generated 0 of 1 mixed pair_coeff terms from geometric mixing rule
Neighbor list info ...
  update: every = 1 steps, delay = 0 steps, check = no
  max neighbors/atom: 2000, page size: 100000
  master list distance cutoff = 10
  ghost atom cutoff = 10
  binsize = 5, bins = 4 3 19
  1 neighbor lists, perpetual/occasional/extra = 1 0 0
  (1) pair deepmd, perpetual
      attributes: full, newton on
      pair build: full/bin/atomonly
      stencil: full/bin/3d
      bin: standard
Setting up cg style minimization ...
  Unit style    : metal
  Current step  : 0
WARNING: Energy due to 1 extra global DOFs will be included in minimizer energies
 (src/min.cpp:225)
Per MPI rank memory allocation (min/avg/max) = 3.832 | 3.832 | 3.832 Mbytes
   Step         PotEng          Pxx            Pyy            Pzz            Pxy            Pxz            Pyz             Lx             Ly             Lz           Volume         c_mype    
         0  -1657.9869     -295.59019     -295.5901      -254.27078      0.039737517   -0.038472082    0.00016152616  13.119758      11.362043      90.600648      13505.59      -1657.9869    
        44  -1658.0598     -20.010872     -19.934266      66.488836     -1.8834318      3.171924      -0.00085427248  13.116327      11.359072      90.576955      13494.997     -1658.0598    
Loop time of 1.57257 on 1 procs for 44 steps with 404 atoms

101.6% CPU use with 1 MPI tasks x 1 OpenMP threads

Minimization stats:
  Stopping criterion = linesearch alpha is zero
  Energy initial, next-to-last, final = 
     -1657.98690278093  -1658.05982362773  -1658.05980672166
  Force two-norm initial, final = 7.1619217 0.22517873
  Force max component initial, final = 7.1267524 0.22363381
  Final line search alpha, max atom move = 2.0531805e-07 4.5916056e-08
  Iterations, force evaluations = 44 108

MPI task timing breakdown:
Section |  min time  |  avg time  |  max time  |%varavg| %total
---------------------------------------------------------------
Pair    | 1.3743     | 1.3743     | 1.3743     |   0.0 | 87.39
Neigh   | 0.18178    | 0.18178    | 0.18178    |   0.0 | 11.56
Comm    | 0.0071639  | 0.0071639  | 0.0071639  |   0.0 |  0.46
Output  | 0          | 0          | 0          |   0.0 |  0.00
Modify  | 0          | 0          | 0          |   0.0 |  0.00
Other   |            | 0.009313   |            |       |  0.59

Nlocal:            404 ave         404 max         404 min
Histogram: 1 0 0 0 0 0 0 0 0 0
Nghost:           3044 ave        3044 max        3044 min
Histogram: 1 0 0 0 0 0 0 0 0 0
Neighs:              0 ave           0 max           0 min
Histogram: 1 0 0 0 0 0 0 0 0 0
FullNghs:        49664 ave       49664 max       49664 min
Histogram: 1 0 0 0 0 0 0 0 0 0

Total # of neighbors = 49664
Ave neighs/atom = 122.93069
Neighbor list builds = 109
Dangerous builds not checked
Generated 0 of 1 mixed pair_coeff terms from geometric mixing rule
Setting up cg style minimization ...
  Unit style    : metal
  Current step  : 44
WARNING: Energy due to 3 extra global DOFs will be included in minimizer energies
 (src/min.cpp:225)
Per MPI rank memory allocation (min/avg/max) = 5.106 | 5.106 | 5.106 Mbytes
   Step         PotEng          Pxx            Pyy            Pzz            Pxy            Pxz            Pyz             Lx             Ly             Lz           Volume         c_mype    
        44  -1658.0598     -20.010872     -19.934266      66.488836     -1.8834318      3.171924      -0.00085427248  13.116327      11.359072      90.576955      13494.997     -1658.0598    
        48  -1658.0599      2.3630826      2.3506056      1.3064763     -2.0487975      3.4675085     -0.044046643    13.114992      11.357918      90.594691      13494.895     -1658.0599    
Loop time of 0.378012 on 1 procs for 4 steps with 404 atoms

101.4% CPU use with 1 MPI tasks x 1 OpenMP threads

Minimization stats:
  Stopping criterion = linesearch alpha is zero
  Energy initial, next-to-last, final = 
     -1658.05980672166   -1658.0598786007  -1658.05987659275
  Force two-norm initial, final = 0.60903844 0.04030282
  Force max component initial, final = 0.56002983 0.01990592
  Final line search alpha, max atom move = 4.907144e-06 9.7681216e-08
  Iterations, force evaluations = 4 26

MPI task timing breakdown:
Section |  min time  |  avg time  |  max time  |%varavg| %total
---------------------------------------------------------------
Pair    | 0.33583    | 0.33583    | 0.33583    |   0.0 | 88.84
Neigh   | 0.038547   | 0.038547   | 0.038547   |   0.0 | 10.20
Comm    | 0.0014031  | 0.0014031  | 0.0014031  |   0.0 |  0.37
Output  | 0          | 0          | 0          |   0.0 |  0.00
Modify  | 0          | 0          | 0          |   0.0 |  0.00
Other   |            | 0.002233   |            |       |  0.59

Nlocal:            404 ave         404 max         404 min
Histogram: 1 0 0 0 0 0 0 0 0 0
Nghost:           3044 ave        3044 max        3044 min
Histogram: 1 0 0 0 0 0 0 0 0 0
Neighs:              0 ave           0 max           0 min
Histogram: 1 0 0 0 0 0 0 0 0 0
FullNghs:        49664 ave       49664 max       49664 min
Histogram: 1 0 0 0 0 0 0 0 0 0

Total # of neighbors = 49664
Ave neighs/atom = 122.93069
Neighbor list builds = 27
Dangerous builds not checked
Generated 0 of 1 mixed pair_coeff terms from geometric mixing rule
Setting up cg style minimization ...
  Unit style    : metal
  Current step  : 48
WARNING: Energy due to 6 extra global DOFs will be included in minimizer energies
 (src/min.cpp:225)
Per MPI rank memory allocation (min/avg/max) = 5.106 | 5.106 | 5.106 Mbytes
   Step         PotEng          Pxx            Pyy            Pzz            Pxy            Pxz            Pyz             Lx             Ly             Lz           Volume         c_mype    
        48  -1658.0599      2.3630826      2.3506056      1.3064763     -2.0487975      3.4675085     -0.044046643    13.114992      11.357918      90.594691      13494.895     -1658.0599    
        49  -1658.0599      2.38337        2.3572996      1.3295941     -2.632525       4.456636      -0.04569879     13.114992      11.357918      90.594691      13494.895     -1658.0599    
Loop time of 0.306612 on 1 procs for 1 steps with 404 atoms

102.1% CPU use with 1 MPI tasks x 1 OpenMP threads

Minimization stats:
  Stopping criterion = linesearch alpha is zero
  Energy initial, next-to-last, final = 
     -1658.05987659275  -1658.05987659275  -1658.05986582868
  Force two-norm initial, final = 0.04515686 0.049427966
  Force max component initial, final = 0.019926336 0.025603594
  Final line search alpha, max atom move = 4.9008632e-06 1.2547971e-07
  Iterations, force evaluations = 1 21

MPI task timing breakdown:
Section |  min time  |  avg time  |  max time  |%varavg| %total
---------------------------------------------------------------
Pair    | 0.27164    | 0.27164    | 0.27164    |   0.0 | 88.59
Neigh   | 0.031865   | 0.031865   | 0.031865   |   0.0 | 10.39
Comm    | 0.0011666  | 0.0011666  | 0.0011666  |   0.0 |  0.38
Output  | 0          | 0          | 0          |   0.0 |  0.00
Modify  | 0          | 0          | 0          |   0.0 |  0.00
Other   |            | 0.001942   |            |       |  0.63

Nlocal:            404 ave         404 max         404 min
Histogram: 1 0 0 0 0 0 0 0 0 0
Nghost:           3044 ave        3044 max        3044 min
Histogram: 1 0 0 0 0 0 0 0 0 0
Neighs:              0 ave           0 max           0 min
Histogram: 1 0 0 0 0 0 0 0 0 0
FullNghs:        49664 ave       49664 max       49664 min
Histogram: 1 0 0 0 0 0 0 0 0 0

Total # of neighbors = 49664
Ave neighs/atom = 122.93069
Neighbor list builds = 22
Dangerous builds not checked
All done
Total number of atoms = 404
Final energy per atoms = -4.10410857878386
Final volume per atoms = 33.4032044877837
Final Base area = 148.959000162772
Final Stress (xx yy zz xy xz yz) = 2.38336995808359 2.35729958163509 1.3295940981392 -2.63252497064485 4.45663596541403 -0.0456987899594392
Total wall time: 0:00:04
