DeePMD-kit WARNING: Environmental variable TF_INTRA_OP_PARALLELISM_THREADS is not set. Tune TF_INTRA_OP_PARALLELISM_THREADS for the best performance. See https://deepmd.rtfd.io/parallelism/ for more information.
DeePMD-kit WARNING: Environmental variable TF_INTER_OP_PARALLELISM_THREADS is not set. Tune TF_INTER_OP_PARALLELISM_THREADS for the best performance. See https://deepmd.rtfd.io/parallelism/ for more information.
DeePMD-kit WARNING: Environmental variable OMP_NUM_THREADS is not set. Tune OMP_NUM_THREADS for the best performance. See https://deepmd.rtfd.io/parallelism/ for more information.
DeePMD-kit WARNING: Environmental variable TF_INTRA_OP_PARALLELISM_THREADS is not set. Tune TF_INTRA_OP_PARALLELISM_THREADS for the best performance. See https://deepmd.rtfd.io/parallelism/ for more information.
DeePMD-kit WARNING: Environmental variable TF_INTER_OP_PARALLELISM_THREADS is not set. Tune TF_INTER_OP_PARALLELISM_THREADS for the best performance. See https://deepmd.rtfd.io/parallelism/ for more information.
DeePMD-kit WARNING: Environmental variable OMP_NUM_THREADS is not set. Tune OMP_NUM_THREADS for the best performance. See https://deepmd.rtfd.io/parallelism/ for more information.
DeePMD-kit: Successfully load libcudart.so.11.0
2024-12-05 16:57:32.986551: I tensorflow/core/platform/INVALID_ARGUMENT: Tensor spin_attr/ntypes_spin:0, specified in either feed_devices or fetch_devices was not found in the Graph
  >>> Info of model(s):
  using   1 model(s): frozen_model.pb 
  rcut in model:      8
  ntypes in model:    2

CITE-CITE-CITE-CITE-CITE-CITE-CITE-CITE-CITE-CITE-CITE-CITE-CITE

Your simulation uses code contributions which should be cited:
- USER-DEEPMD package:
The log file lists these citations in BibTeX format.

CITE-CITE-CITE-CITE-CITE-CITE-CITE-CITE-CITE-CITE-CITE-CITE-CITE

Generated 0 of 1 mixed pair_coeff terms from geometric mixing rule
Neighbor list info ...
  update: every = 1 steps, delay = 0 steps, check = no
  max neighbors/atom: 2000, page size: 100000
  master list distance cutoff = 10
  ghost atom cutoff = 10
  binsize = 5, bins = 1 2 17
  1 neighbor lists, perpetual/occasional/extra = 1 0 0
  (1) pair deepmd, perpetual
      attributes: full, newton on
      pair build: full/bin/atomonly
      stencil: full/bin/3d
      bin: standard
Setting up cg style minimization ...
  Unit style    : metal
  Current step  : 0
Per MPI rank memory allocation (min/avg/max) = 3.786 | 3.786 | 3.786 Mbytes
   Step         PotEng          Pxx            Pyy            Pzz            Pxy            Pxz            Pyz             Lx             Ly             Lz           Volume         c_mype    
         0  -136.69874     -200420.57     -200495.35     -202555.13      55.727716      805.9785       194.08169      3.0923565      5.3561186      83.222057      1378.4093     -136.69874    
       100  -163.02258     -186014.34     -186013.97     -4252.6088      1.5938604      3.1633632      2.5039254      3.0923565      5.3561186      83.222057      1378.4093     -163.02258    
       200  -163.36545     -185509.64     -185511.09     -1114.9033     -10.683638      37.225018      1.7402113      3.0923565      5.3561186      83.222057      1378.4093     -163.36545    
       300  -163.36708     -185327.33     -185327.98     -0.006597201   -10.281527      37.678157      2.390774       3.0923565      5.3561186      83.222057      1378.4093     -163.36708    
       400  -163.36708     -185327.33     -185327.98     -2.6405465e-07 -10.281417      37.67826       2.3909323      3.0923565      5.3561186      83.222057      1378.4093     -163.36708    
       404  -163.36708     -185327.33     -185327.98      5.4587109e-07 -10.281417      37.678261      2.3909323      3.0923565      5.3561186      83.222057      1378.4093     -163.36708    
Loop time of 2.47176 on 1 procs for 404 steps with 60 atoms

107.1% CPU use with 1 MPI tasks x 1 OpenMP threads

Minimization stats:
  Stopping criterion = force tolerance
  Energy initial, next-to-last, final = 
     -136.698735960419  -163.367084327099  -163.367084327099
  Force two-norm initial, final = 1.9827775 8.7319627e-11
  Force max component initial, final = 0.96494345 3.6018813e-11
  Final line search alpha, max atom move = 1 3.6018813e-11
  Iterations, force evaluations = 404 767

MPI task timing breakdown:
Section |  min time  |  avg time  |  max time  |%varavg| %total
---------------------------------------------------------------
Pair    | 2.2966     | 2.2966     | 2.2966     |   0.0 | 92.91
Neigh   | 0.14699    | 0.14699    | 0.14699    |   0.0 |  5.95
Comm    | 0.024057   | 0.024057   | 0.024057   |   0.0 |  0.97
Output  | 0.00057239 | 0.00057239 | 0.00057239 |   0.0 |  0.02
Modify  | 0.00028832 | 0.00028832 | 0.00028832 |   0.0 |  0.01
Other   |            | 0.003241   |            |       |  0.13

Nlocal:             60 ave          60 max          60 min
Histogram: 1 0 0 0 0 0 0 0 0 0
Nghost:           2252 ave        2252 max        2252 min
Histogram: 1 0 0 0 0 0 0 0 0 0
Neighs:              0 ave           0 max           0 min
Histogram: 1 0 0 0 0 0 0 0 0 0
FullNghs:        11732 ave       11732 max       11732 min
Histogram: 1 0 0 0 0 0 0 0 0 0

Total # of neighbors = 11732
Ave neighs/atom = 195.53333
Neighbor list builds = 768
Dangerous builds not checked
All done
Total number of atoms = 60
Final energy per atoms = -2.72278473878498
Final volume per atoms = 22.973487974579
Final Base area = 16.5630282094287
Final Stress (xx yy zz xy xz yz) = -185327.333813869 -185327.982810814 5.45871090314198e-07 -10.2814173357093 37.6782605023246 2.39093226156751
Total wall time: 0:00:04
