DeePMD-kit WARNING: Environmental variable TF_INTRA_OP_PARALLELISM_THREADS is not set. Tune TF_INTRA_OP_PARALLELISM_THREADS for the best performance. See https://deepmd.rtfd.io/parallelism/ for more information.
DeePMD-kit WARNING: Environmental variable TF_INTER_OP_PARALLELISM_THREADS is not set. Tune TF_INTER_OP_PARALLELISM_THREADS for the best performance. See https://deepmd.rtfd.io/parallelism/ for more information.
DeePMD-kit WARNING: Environmental variable OMP_NUM_THREADS is not set. Tune OMP_NUM_THREADS for the best performance. See https://deepmd.rtfd.io/parallelism/ for more information.
DeePMD-kit WARNING: Environmental variable TF_INTRA_OP_PARALLELISM_THREADS is not set. Tune TF_INTRA_OP_PARALLELISM_THREADS for the best performance. See https://deepmd.rtfd.io/parallelism/ for more information.
DeePMD-kit WARNING: Environmental variable TF_INTER_OP_PARALLELISM_THREADS is not set. Tune TF_INTER_OP_PARALLELISM_THREADS for the best performance. See https://deepmd.rtfd.io/parallelism/ for more information.
DeePMD-kit WARNING: Environmental variable OMP_NUM_THREADS is not set. Tune OMP_NUM_THREADS for the best performance. See https://deepmd.rtfd.io/parallelism/ for more information.
DeePMD-kit: Successfully load libcudart.so.11.0
2024-12-05 16:56:29.456847: I tensorflow/core/platform/cpu_feature_guard.cc:193] This TensorFlow binary is optimized with oneAPI Deep Neural Network Library (oneDNNINVALID_ARGUMENT: Tensor spin_attr/ntypes_spin:0, specified in either feed_devices or fetch_devices was not found in the Graph
  >>> Info of model(s):
  using   1 model(s): frozen_model.pb 
  rcut in model:      8
  ntypes in model:    2

CITE-CITE-CITE-CITE-CITE-CITE-CITE-CITE-CITE-CITE-CITE-CITE-CITE

Your simulation uses code contributions which should be cited:
- USER-DEEPMD package:
The log file lists these citations in BibTeX format.

CITE-CITE-CITE-CITE-CITE-CITE-CITE-CITE-CITE-CITE-CITE-CITE-CITE

Generated 0 of 1 mixed pair_coeff terms from geometric mixing rule
Neighbor list info ...
  update: every = 1 steps, delay = 0 steps, check = no
  max neighbors/atom: 2000, page size: 100000
  master list distance cutoff = 10
  ghost atom cutoff = 10
  binsize = 5, bins = 2 1 7
  1 neighbor lists, perpetual/occasional/extra = 1 0 0
  (1) pair deepmd, perpetual
      attributes: full, newton on
      pair build: full/bin/atomonly
      stencil: full/bin/3d
      bin: standard
Setting up cg style minimization ...
  Unit style    : metal
  Current step  : 0
Per MPI rank memory allocation (min/avg/max) = 3.733 | 3.733 | 3.733 Mbytes
   Step         PotEng          Pxx            Pyy            Pzz            Pxy            Pxz            Pyz             Lx             Ly             Lz           Volume         c_mype    
         0  -60.991946     -40815.827     -40815.827     -46084.673      0.028827908   -0.02113277     0.00010231883  4.5006999      3.8977204      31.080325      545.22566     -60.991946    
        17  -61.142974     -31948.478     -31948.478     -30565.651      0.019645224   -0.0040174703   3.3370252e-06  4.5006999      3.8977204      31.080325      545.22566     -61.142974    
Loop time of 0.0733657 on 1 procs for 17 steps with 15 atoms

111.0% CPU use with 1 MPI tasks x 1 OpenMP threads

Minimization stats:
  Stopping criterion = linesearch alpha is zero
  Energy initial, next-to-last, final = 
     -60.9919461249009  -61.1429739757106  -61.1429739757106
  Force two-norm initial, final = 1.2807536 2.5318419e-08
  Force max component initial, final = 0.47870622 8.8387107e-09
  Final line search alpha, max atom move = 0.5 4.4193553e-09
  Iterations, force evaluations = 17 34

MPI task timing breakdown:
Section |  min time  |  avg time  |  max time  |%varavg| %total
---------------------------------------------------------------
Pair    | 0.071442   | 0.071442   | 0.071442   |   0.0 | 97.38
Neigh   | 0.0013849  | 0.0013849  | 0.0013849  |   0.0 |  1.89
Comm    | 0.00036992 | 0.00036992 | 0.00036992 |   0.0 |  0.50
Output  | 0          | 0          | 0          |   0.0 |  0.00
Modify  | 0          | 0          | 0          |   0.0 |  0.00
Other   |            | 0.0001689  |            |       |  0.23

Nlocal:             15 ave          15 max          15 min
Histogram: 1 0 0 0 0 0 0 0 0 0
Nghost:            849 ave         849 max         849 min
Histogram: 1 0 0 0 0 0 0 0 0 0
Neighs:              0 ave           0 max           0 min
Histogram: 1 0 0 0 0 0 0 0 0 0
FullNghs:         1596 ave        1596 max        1596 min
Histogram: 1 0 0 0 0 0 0 0 0 0

Total # of neighbors = 1596
Ave neighs/atom = 106.4
Neighbor list builds = 35
Dangerous builds not checked
All done
Total number of atoms = 15
Final energy per atoms = -4.07619826504737
Final volume per atoms = 36.3483773285482
Final Base area = 17.5424699030385
Final Stress (xx yy zz xy xz yz) = -31948.4783465937 -31948.4783146179 -30565.6511659269 0.0196452240706748 -0.00401747027859297 3.33702515017348e-06
Total wall time: 0:00:02
